
Case #1: 50 49
Case #2: 25 24
Case #3: 25 24
Case #4: 12 12
Case #5: 12 12
Case #6: 12 12
Case #7: 12 12
Case #8: 6 5
Case #9: 6 5
Case #10: 6 5
Case #11: 0 0
Case #12: 0 0
Case #13: 0 0
Case #14: 1 0
Case #15: 1 0
Case #16: 1 0
Case #17: 1 0
Case #18: 2 2
Case #19: 2 2
Case #20: 5 4
Case #21: 25 24
Case #22: 12 12
Case #23: 12 12
Case #24: 6 5
Case #25: 6 5
Case #26: 6 5
Case #27: 6 5
Case #28: 3 2
Case #29: 3 2
Case #30: 3 2
Case #31: 1 1
Case #32: 1 1
Case #33: 1 1
Case #34: 1 1
Case #35: 1 1
Case #36: 1 1
Case #37: 1 0
Case #38: 1 0
Case #39: 1 1
Case #40: 0 -1
Case #41: 500 499
Case #42: 7 7
Case #43: 0 0
Case #44: 0 0
Case #45: 0 -1
Case #46: 7 7
Case #47: 0 0
Case #48: 7 7
Case #49: 0 -1
Case #50: 0 -1
Case #51: 499999 499999
Case #52: 1 1
Case #53: 0 -1
Case #54: 7812 7812
Case #55: 0 -1
Case #56: 0 -1
Case #57: 2 1
Case #58: 0 -1
Case #59: 7 7
Case #60: 30 30
Case #61: 0 -1
Case #62: 7 7
Case #63: 0 0
Case #64: 0 -1
Case #65: 0 -1
Case #66: 0 -1
Case #67: 3 3
Case #68: 0 -1
Case #69: 15625 15624
Case #70: 0 -1
Case #71: 500000 499999
Case #72: 7 7
Case #73: 2 2
Case #74: 3 3
Case #75: 15 14
Case #76: 7 7
Case #77: 1 0
Case #78: 250000 249999
Case #79: 125000 124999
Case #80: 0 -1
Case #81: 1 0
Case #82: 7 7
Case #83: 0 -1
Case #84: 0 -1
Case #85: 7 7
Case #86: 0 -1
Case #87: 0 -1
Case #88: 3 3
Case #89: 3 3
Case #90: 0 -1
Case #91: 15 14
Case #92: 0 -1
Case #93: 0 -1
Case #94: 7812 7812
Case #95: 0 -1
Case #96: 7 7
Case #97: 7 7
Case #98: 7 7
Case #99: 0 -1
Case #100: 0 -1
Case #1: 50 49
Case #2: 25 24
Case #3: 25 24
Case #4: 12 12
Case #5: 12 11
Case #6: 12 11
Case #7: 12 12
Case #8: 6 5
Case #9: 6 5
Case #10: 6 5
Case #11: 0 0
Case #12: 0 -1
Case #13: 0 -1
Case #14: 1 0
Case #15: 1 0
Case #16: 1 0
Case #17: 1 0
Case #18: 2 2
Case #19: 2 2
Case #20: 5 4
Case #21: 25 24
Case #22: 12 12
Case #23: 12 12
Case #24: 6 5
Case #25: 6 5
Case #26: 6 5
Case #27: 6 5
Case #28: 3 2
Case #29: 3 2
Case #30: 3 2
Case #31: 1 1
Case #32: 1 0
Case #33: 1 0
Case #34: 1 0
Case #35: 1 0
Case #36: 1 0
Case #37: 1 0
Case #38: 1 0
Case #39: 1 1
Case #40: 0 -2
Case #41: 500 499
Case #42: 7 6
Case #43: 0 0
Case #44: 0 0
Case #45: 0 -2
Case #46: 7 6
Case #47: 0 -1
Case #48: 7 6
Case #49: 0 -2
Case #50: 0 -2
Case #51: 499999 499999
Case #52: 1 0
Case #53: 0 -2
Case #54: 7812 7812
Case #55: 0 -2
Case #56: 0 -2
Case #57: 2 1
Case #58: 0 -2
Case #59: 7 6
Case #60: 30 29
Case #61: 0 -2
Case #62: 7 6
Case #63: 0 -1
Case #64: 0 -2
Case #65: 0 -2
Case #66: 0 -2
Case #67: 3 2
Case #68: 0 -2
Case #69: 15625 15624
Case #70: 0 -2
Case #71: 500000 499999
Case #72: 7 6
Case #73: 2 2
Case #74: 3 2
Case #75: 15 14
Case #76: 7 6
Case #77: 1 0
Case #78: 250000 249999
Case #79: 125000 124999
Case #80: 0 -2
Case #81: 1 0
Case #82: 7 6
Case #83: 0 -2
Case #84: 0 -2
Case #85: 7 6
Case #86: 0 -2
Case #87: 0 -2
Case #88: 3 2
Case #89: 3 2
Case #90: 0 -2
Case #91: 15 14
Case #92: 0 -2
Case #93: 0 -2
Case #94: 7812 7812
Case #95: 0 -2
Case #96: 7 6
Case #97: 7 6
Case #98: 7 6
Case #99: 0 -2
Case #100: 0 -2
Case #1: 50 49
Case #2: 25 24
Case #3: 24 24
Case #4: 12 12
Case #5: 12 11
Case #6: 12 11
Case #7: 12 11
Case #8: 6 5
Case #9: 6 5
Case #10: 6 5
Case #11: 0 0
Case #12: 0 0
Case #13: 0 0
Case #14: 0 0
Case #15: 1 0
Case #16: 1 0
Case #17: 1 0
Case #18: 2 1
Case #19: 2 2
Case #20: 5 4
Case #21: 25 24
Case #22: 12 12
Case #23: 12 11
Case #24: 6 5
Case #25: 6 5
Case #26: 6 5
Case #27: 5 5
Case #28: 3 2
Case #29: 3 2
Case #30: 3 2
Case #31: 1 0
Case #32: 1 0
Case #33: 1 0
Case #34: 1 0
Case #35: 1 0
Case #36: 1 0
Case #37: 1 0
Case #38: 1 0
Case #39: 1 1
Case #40: 0 -1
Case #41: 500 499
Case #42: 7 6
Case #43: 0 0
Case #44: 0 0
Case #45: -1 -2
Case #46: 7 6
Case #47: 0 -1
Case #48: 7 6
Case #49: 0 -1
Case #50: 0 -1
Case #51: 499999 499999
Case #52: 1 0
Case #53: 0 -1
Case #54: 7812 7811
Case #55: -1 -2
Case #56: 0 -1
Case #57: 2 1
Case #58: 0 -1
Case #59: 7 6
Case #60: 30 29
Case #61: -1 -2
Case #62: 7 6
Case #63: 0 -1
Case #64: -1 -2
Case #65: -1 -2
Case #66: 0 -2
Case #67: 3 3
Case #68: -1 -2
Case #69: 15624 15624
Case #70: 0 -1
Case #71: 500000 499999
Case #72: 7 6
Case #73: 2 2
Case #74: 3 2
Case #75: 14 14
Case #76: 7 6
Case #77: 1 0
Case #78: 250000 249999
Case #79: 125000 124999
Case #80: -1 -2
Case #81: 0 0
Case #82: 7 6
Case #83: 0 -1
Case #84: -1 -2
Case #85: 7 6
Case #86: 0 -1
Case #87: 0 -1
Case #88: 3 2
Case #89: 3 2
Case #90: 0 -1
Case #91: 14 14
Case #92: 0 -1
Case #93: 0 -1
Case #94: 7812 7812
Case #95: 0 -1
Case #96: 7 6
Case #97: 7 6
Case #98: 7 6
Case #99: 0 -1
Case #100: 0 -1
Case #1: 50 49
Case #2: 25 24
Case #3: 24 24
Case #4: 12 12
Case #5: 12 11
Case #6: 12 11
Case #7: 12 11
Case #8: 6 5
Case #9: 6 5
Case #10: 6 5
Case #11: 5 5
Case #12: 5 5
Case #13: 5 5
Case #14: 3 2
Case #15: 3 2
Case #16: 3 2
Case #17: 2 2
Case #18: 2 2
Case #19: 2 2
Case #20: 2 2
Case #21: 2 2
Case #22: 2 2
Case #23: 2 2
Case #24: 2 2
Case #25: 2 2
Case #26: 0 0
Case #27: 0 0
Case #28: 0 0
Case #29: 0 0
Case #30: 1 0
Case #31: 1 0
Case #32: 1 0
Case #33: 2 1
Case #34: 2 2
Case #35: 5 4
Case #36: 25 24
Case #37: 12 12
Case #38: 12 11
Case #39: 6 5
Case #40: 6 5
Case #41: 6 5
Case #42: 5 5
Case #43: 3 2
Case #44: 3 2
Case #45: 3 2
Case #46: 1 0
Case #47: 1 0
Case #48: 1 0
Case #49: 1 0
Case #50: 1 0
Case #51: 1 0
Case #52: 1 0
Case #53: 1 0
Case #54: 1 1
Case #55: 0 -1
Case #56: 500 499
Case #57: 7 6
Case #58: 0 0
Case #59: 0 0
Case #60: -1 -2
Case #61: 7 6
Case #62: 0 -1
Case #63: 7 6
Case #64: 0 -1
Case #65: 0 -1
Case #66: 499999 499999
Case #67: 1 0
Case #68: 0 -1
Case #69: 7812 7811
Case #70: -1 -2
Case #71: 0 -1
Case #72: 2 1
Case #73: 0 -1
Case #74: 7 6
Case #75: 30 29
Case #76: -1 -2
Case #77: 7 6
Case #78: 0 -1
Case #79: -1 -2
Case #80: -1 -2
Case #81: 0 -2
Case #82: 3 3
Case #83: -1 -2
Case #84: 15624 15624
Case #85: 0 -1
Case #86: 500000 499999
Case #87: 7 6
Case #88: 2 2
Case #89: 3 2
Case #90: 14 14
Case #91: 7 6
Case #92: 1 0
Case #93: 250000 249999
Case #94: 125000 124999
Case #95: -1 -2
Case #96: 0 0
Case #97: 7 6
Case #98: 0 -1
Case #99: -1 -2
Case #100: 7 6
Case #1: 50 49
Case #2: 24 25
Case #3: 24 24
Case #4: 12 12
Case #5: 11 12
Case #6: 11 12
Case #7: 11 12
Case #8: 5 6
Case #9: 5 6
Case #10: 5 6
Case #11: 5 5
Case #12: 5 5
Case #13: 5 5
Case #14: 2 3
Case #15: 2 3
Case #16: 2 3
Case #17: 2 2
Case #18: 2 2
Case #19: 2 2
Case #20: 2 2
Case #21: 2 2
Case #22: 2 2
Case #23: 2 2
Case #24: 2 2
Case #25: 2 2
Case #26: 0 0
Case #27: 0 0
Case #28: 0 0
Case #29: 0 0
Case #30: 0 1
Case #31: 0 1
Case #32: 0 1
Case #33: 1 2
Case #34: 2 2
Case #35: 5 4
Case #36: 25 24
Case #37: 12 12
Case #38: 11 12
Case #39: 5 6
Case #40: 5 6
Case #41: 5 6
Case #42: 5 5
Case #43: 2 3
Case #44: 2 3
Case #45: 2 3
Case #46: 0 1
Case #47: 0 1
Case #48: 0 1
Case #49: 0 1
Case #50: 0 1
Case #51: 0 1
Case #52: 0 1
Case #53: 0 1
Case #54: 1 1
Case #55: -1 0
Case #56: 500 499
Case #57: 6 7
Case #58: 0 0
Case #59: 0 0
Case #60: -2 -1
Case #61: 6 7
Case #62: -1 0
Case #63: 6 7
Case #64: -1 0
Case #65: -1 0
Case #66: 499999 499999
Case #67: 0 1
Case #68: -1 0
Case #69: 7811 7812
Case #70: -2 -1
Case #71: -1 0
Case #72: 1 2
Case #73: -1 0
Case #74: 6 7
Case #75: 29 30
Case #76: -2 -1
Case #77: 6 7
Case #78: -1 0
Case #79: -2 -1
Case #80: -2 -1
Case #81: -2 0
Case #82: 3 3
Case #83: -2 -1
Case #84: 15624 15624
Case #85: -1 0
Case #86: 500000 499999
Case #87: 6 7
Case #88: 2 2
Case #89: 2 3
Case #90: 14 14
Case #91: 6 7
Case #92: 1 0
Case #93: 250000 249999
Case #94: 124999 125000
Case #95: -2 -1
Case #96: 0 0
Case #97: 6 7
Case #98: -1 0
Case #99: -2 -1
Case #100: 6 7
Case #1: 50 49
Case #2: 24 25
Case #3: 24 24
Case #4: 12 12
Case #5: 12 11
Case #6: 12 11
Case #7: 12 11
Case #8: 5 6
Case #9: 5 6
Case #10: 5 6
Case #11: 5 5
Case #12: 5 5
Case #13: 5 5
Case #14: 2 3
Case #15: 2 3
Case #16: 2 3
Case #17: 2 2
Case #18: 2 2
Case #19: 2 2
Case #20: 2 2
Case #21: 2 2
Case #22: 2 2
Case #23: 2 2
Case #24: 2 2
Case #25: 2 2
Case #26: 0 0
Case #27: 0 0
Case #28: 0 0
Case #29: 0 0
Case #30: 0 1
Case #31: 0 1
Case #32: 0 1
Case #33: 2 1
Case #34: 2 2
Case #35: 5 4
Case #36: 25 24
Case #37: 12 12
Case #38: 12 11
Case #39: 5 6
Case #40: 5 6
Case #41: 5 6
Case #42: 5 5
Case #43: 2 3
Case #44: 2 3
Case #45: 2 3
Case #46: 1 0
Case #47: 1 0
Case #48: 1 0
Case #49: 1 0
Case #50: 1 0
Case #51: 1 0
Case #52: 0 1
Case #53: 0 1
Case #54: 1 1
Case #55: -1 0
Case #56: 500 499
Case #57: 7 6
Case #58: 0 0
Case #59: 0 0
Case #60: -1 -2
Case #61: 7 6
Case #62: 0 -1
Case #63: 7 6
Case #64: -1 0
Case #65: -1 0
Case #66: 499999 499999
Case #67: 1 0
Case #68: -1 0
Case #69: 7812 7811
Case #70: -1 -2
Case #71: -1 0
Case #72: 1 2
Case #73: -1 0
Case #74: 7 6
Case #75: 30 29
Case #76: -1 -2
Case #77: 7 6
Case #78: 0 -1
Case #79: -1 -2
Case #80: -1 -2
Case #81: 0 -2
Case #82: 3 3
Case #83: -1 -2
Case #84: 15624 15624
Case #85: -1 0
Case #86: 500000 499999
Case #87: 7 6
Case #88: 2 2
Case #89: 3 2
Case #90: 14 14
Case #91: 7 6
Case #92: 1 0
Case #93: 250000 249999
Case #94: 124999 125000
Case #95: -1 -2
Case #96: 0 0
Case #97: 7 6
Case #98: -1 0
Case #99: -1 -2
Case #100: 7 6
Case #1: 50 49
Case #2: 25 24
Case #3: 24 24
Case #4: 12 12
Case #5: 12 11
Case #6: 12 11
Case #7: 12 11
Case #8: 6 5
Case #9: 6 5
Case #10: 6 5
Case #11: 5 5
Case #12: 5 5
Case #13: 5 5
Case #14: 3 2
Case #15: 3 2
Case #16: 3 2
Case #17: 2 2
Case #18: 2 2
Case #19: 2 2
Case #20: 2 2
Case #21: 2 2
Case #22: 2 2
Case #23: 2 2
Case #24: 2 2
Case #25: 2 2
Case #26: 0 0
Case #27: 0 0
Case #28: 0 0
Case #29: 0 0
Case #30: 1 0
Case #31: 1 0
Case #32: 1 0
Case #33: 2 1
Case #34: 2 2
Case #35: 5 4
Case #36: 25 24
Case #37: 12 12
Case #38: 12 11
Case #39: 6 5
Case #40: 6 5
Case #41: 6 5
Case #42: 5 5
Case #43: 3 2
Case #44: 3 2
Case #45: 3 2
Case #46: 1 0
Case #47: 1 0
Case #48: 1 0
Case #49: 1 0
Case #50: 1 0
Case #51: 1 0
Case #52: 1 0
Case #53: 1 0
Case #54: 1 1
Case #55: 0 -1
Case #56: 500 499
Case #57: 7 6
Case #58: 0 0
Case #59: 0 0
Case #60: -1 -2
Case #61: 7 6
Case #62: 0 -1
Case #63: 7 6
Case #64: 0 -1
Case #65: 0 -1
Case #66: 499999 499999
Case #67: 1 0
Case #68: 0 -1
Case #69: 7812 7811
Case #70: -1 -2
Case #71: 0 -1
Case #72: 2 1
Case #73: 0 -1
Case #74: 7 6
Case #75: 30 29
Case #76: -1 -2
Case #77: 7 6
Case #78: 0 -1
Case #79: -1 -2
Case #80: -1 -2
Case #81: 0 -2
Case #82: 3 3
Case #83: -1 -2
Case #84: 15624 15624
Case #85: 0 -1
Case #86: 500000 499999
Case #87: 7 6
Case #88: 2 2
Case #89: 3 2
Case #90: 14 14
Case #91: 7 6
Case #92: 1 0
Case #93: 250000 249999
Case #94: 125000 124999
Case #95: -1 -2
Case #96: 0 0
Case #97: 7 6
Case #98: 0 -1
Case #99: -1 -2
Case #100: 7 6
Case #1: 50 49
Case #2: 25 24
Case #3: 24 24
Case #4: 12 12
Case #5: 12 11
Case #6: 12 11
Case #7: 12 11
Case #8: 6 5
Case #9: 6 5
Case #10: 6 5
Case #11: 5 5
Case #12: 5 5
Case #13: 5 5
Case #14: 3 2
Case #15: 3 2
Case #16: 3 2
Case #17: 2 2
Case #18: 2 2
Case #19: 2 2
Case #20: 2 2
Case #21: 2 2
Case #22: 2 2
Case #23: 2 2
Case #24: 2 2
Case #25: 2 2
Case #26: 0 0
Case #27: 0 0
Case #28: 0 0
Case #29: 0 0
Case #30: 1 0
Case #31: 1 0
Case #32: 1 0
Case #33: 2 1
Case #34: 2 2
Case #35: 5 4
Case #36: 25 24
Case #37: 12 12
Case #38: 12 11
Case #39: 6 5
Case #40: 6 5
Case #41: 6 5
Case #42: 5 5
Case #43: 3 2
Case #44: 3 2
Case #45: 3 2
Case #46: 1 0
Case #47: 1 0
Case #48: 1 0
Case #49: 1 0
Case #50: 1 0
Case #51: 1 0
Case #52: 1 0
Case #53: 1 0
Case #54: 1 1
Case #55: 0 -1
Case #56: 500 499
Case #57: 7 6
Case #58: 0 0
Case #59: 0 0
Case #60: -1 -2
Case #61: 7 6
Case #62: 0 -1
Case #63: 7 6
Case #64: 0 -1
Case #65: 0 -1
Case #66: 499999 499999
Case #67: 1 0
Case #68: 0 -1
Case #69: 7812 7811
Case #70: -1 -2
Case #71: 0 -1
Case #72: 2 1
Case #73: 0 -1
Case #74: 7 6
Case #75: 30 29
Case #76: -1 -2
Case #77: 7 6
Case #78: 0 -1
Case #79: -1 -2
Case #80: -1 -2
Case #81: 0 -2
Case #82: 3 3
Case #83: -1 -2
Case #84: 15624 15624
Case #85: 0 -1
Case #86: 500000 499999
Case #87: 7 6
Case #88: 2 2
Case #89: 3 2
Case #90: 14 14
Case #91: 7 6
Case #92: 1 0
Case #93: 250000 249999
Case #94: 125000 124999
Case #95: -1 -2
Case #96: 0 0
Case #97: 7 6
Case #98: 0 -1
Case #99: -1 -2
Case #100: 7 6
Case #1: 50 49
Case #2: 25 24
Case #3: 25 24
Case #4: 24 24
Case #5: 24 24
Case #6: 12 12
Case #7: 12 12
Case #8: 12 11
Case #9: 12 11
Case #10: 12 11
Case #11: 12 11
Case #12: 6 5
Case #13: 6 5
Case #14: 6 5
Case #15: 6 5
Case #16: 6 5
Case #17: 6 5
Case #18: 5 5
Case #19: 5 5
Case #20: 5 5
Case #21: 5 5
Case #22: 5 5
Case #23: 5 5
Case #24: 3 2
Case #25: 3 2
Case #26: 0 0
Case #27: 1 0
Case #28: 1 0
Case #29: 1 0
Case #30: 1 0
Case #31: 2 1
Case #32: 2 1
Case #33: 2 2
Case #34: 2 2
Case #35: 5 4
Case #36: 25 24
Case #37: 12 12
Case #38: 12 12
Case #39: 12 11
Case #40: 12 11
Case #41: 6 5
Case #42: 6 5
Case #43: 6 5
Case #44: 6 5
Case #45: 5 5
Case #46: 1 1
Case #47: 1 1
Case #48: 2 2
Case #49: 2 2
Case #50: 2 2
Case #51: 2 2
Case #52: 1 0
Case #53: 1 0
Case #54: 1 1
Case #55: 0 0
Case #56: 500 499
Case #57: 14 14
Case #58: 0 0
Case #59: 0 0
Case #60: 0 -1
Case #61: 14 14
Case #62: 1 0
Case #63: 14 14
Case #64: 0 0
Case #65: 0 -1
Case #66: 499999 499999
Case #67: 2 2
Case #68: 0 -2
Case #69: 7812 7812
Case #70: 0 -1
Case #71: 0 -2
Case #72: 4 3
Case #73: 0 -1
Case #74: 14 14
Case #75: 60 60
Case #76: -1 -2
Case #77: 15 14
Case #78: 0 0
Case #79: 0 -1
Case #80: -1 -2
Case #81: 0 -1
Case #82: 7 6
Case #83: 0 -2
Case #84: 15625 15624
Case #85: 0 0
Case #86: 500000 499999
Case #87: 14 14
Case #88: 2 2
Case #89: 7 6
Case #90: 30 29
Case #91: 15 14
Case #92: 1 0
Case #93: 250000 249999
Case #94: 125000 124999
Case #95: 0 -1
Case #96: 1 1
Case #97: 14 14
Case #98: 0 -1
Case #99: 0 -2
Case #100: 15 14
Case #1: 50 49
Case #2: 24 24
Case #3: 25 24
Case #4: 12 11
Case #5: 12 11
Case #6: 12 12
Case #7: 12 11
Case #8: 6 5
Case #9: 6 5
Case #10: 5 5
Case #11: 5 5
Case #12: 6 5
Case #13: 6 5
Case #14: 5 5
Case #15: 5 5
Case #16: 3 2
Case #17: 3 2
Case #18: 3 2
Case #19: 3 2
Case #20: 2 2
Case #21: 2 2
Case #22: 2 2
Case #23: 2 2
Case #24: 2 2
Case #25: 2 2
Case #26: 0 -1
Case #27: 0 0
Case #28: 0 0
Case #29: 1 0
Case #30: 1 0
Case #31: 0 0
Case #32: 1 0
Case #33: 2 2
Case #34: 2 1
Case #35: 5 4
Case #36: 25 24
Case #37: 12 11
Case #38: 12 12
Case #39: 6 5
Case #40: 5 5
Case #41: 6 5
Case #42: 6 5
Case #43: 3 2
Case #44: 3 2
Case #45: 2 2
Case #46: 1 0
Case #47: 1 0
Case #48: 1 0
Case #49: 1 0
Case #50: 1 0
Case #51: 1 0
Case #52: 0 0
Case #53: 1 0
Case #54: 1 0
Case #55: 0 0
Case #56: 500 499
Case #57: 0 -1
Case #58: 0 0
Case #59: 0 0
Case #60: 0 0
Case #61: 0 -1
Case #62: 0 -1
Case #63: 0 -1
Case #64: 0 -1
Case #65: 0 -1
Case #66: 499999 499999
Case #67: 0 -1
Case #68: 0 -1
Case #69: 3906 3905
Case #70: 0 -1
Case #71: 0 -1
Case #72: 2 1
Case #73: 0 -1
Case #74: 0 -1
Case #75: 0 -1
Case #76: -1 -2
Case #77: 0 -1
Case #78: 0 -1
Case #79: 0 -2
Case #80: -1 -2
Case #81: 0 -2
Case #82: 3 3
Case #83: 0 -2
Case #84: 7812 7811
Case #85: 0 -1
Case #86: 500000 499999
Case #87: 0 -1
Case #88: 2 2
Case #89: 0 -1
Case #90: 0 -1
Case #91: 0 -1
Case #92: 1 0
Case #93: 250000 249999
Case #94: 124999 124999
Case #95: 0 -2
Case #96: 0 0
Case #97: 0 -1
Case #98: 0 -1
Case #99: -1 -2
Case #100: 0 -1
Case #1: 50 49
Case #2: 25 24
Case #3: 24 24
Case #4: 12 12
Case #5: 12 11
Case #6: 12 11
Case #7: 12 11
Case #8: 6 5
Case #9: 6 5
Case #10: 6 5
Case #11: 5 5
Case #12: 5 5
Case #13: 5 5
Case #14: 3 2
Case #15: 3 2
Case #16: 3 2
Case #17: 2 2
Case #18: 2 2
Case #19: 2 2
Case #20: 2 2
Case #21: 2 2
Case #22: 2 2
Case #23: 2 2
Case #24: 2 2
Case #25: 2 2
Case #26: 0 0
Case #27: 0 0
Case #28: 0 0
Case #29: 0 0
Case #30: 1 0
Case #31: 1 0
Case #32: 1 0
Case #33: 2 1
Case #34: 2 2
Case #35: 5 4
Case #36: 25 24
Case #37: 12 12
Case #38: 12 11
Case #39: 6 5
Case #40: 6 5
Case #41: 6 5
Case #42: 5 5
Case #43: 3 2
Case #44: 3 2
Case #45: 3 2
Case #46: 1 0
Case #47: 1 0
Case #48: 1 0
Case #49: 1 0
Case #50: 1 0
Case #51: 1 0
Case #52: 1 0
Case #53: 1 0
Case #54: 1 1
Case #55: 0 -1
Case #56: 500 499
Case #57: 7 6
Case #58: 0 0
Case #59: 0 0
Case #60: 0 -2
Case #61: 7 6
Case #62: 0 -1
Case #63: 7 6
Case #64: 0 -1
Case #65: 0 -1
Case #66: 499999 499999
Case #67: 1 0
Case #68: 0 -1
Case #69: 7812 7811
Case #70: 0 -2
Case #71: 0 -1
Case #72: 2 1
Case #73: 0 -1
Case #74: 7 6
Case #75: 30 29
Case #76: -1 -2
Case #77: 7 6
Case #78: 0 -1
Case #79: 0 -2
Case #80: -1 -2
Case #81: 0 -2
Case #82: 3 3
Case #83: 0 -1
Case #84: 15624 15624
Case #85: 0 -1
Case #86: 500000 499999
Case #87: 7 6
Case #88: 2 2
Case #89: 3 2
Case #90: 14 14
Case #91: 7 6
Case #92: 1 0
Case #93: 250000 249999
Case #94: 125000 124999
Case #95: 0 -2
Case #96: 0 0
Case #97: 7 6
Case #98: 0 -1
Case #99: -1 -2
Case #100: 7 6
Case #1: 50 49
Case #2: 25 24
Case #3: 24 24
Case #4: 12 12
Case #5: 12 11
Case #6: 12 11
Case #7: 12 11
Case #8: 6 5
Case #9: 6 5
Case #10: 6 5
Case #11: 6 5
Case #12: 6 5
Case #13: 6 5
Case #14: 5 5
Case #15: 5 5
Case #16: 5 5
Case #17: 5 5
Case #18: 3 2
Case #19: 3 2
Case #20: 3 2
Case #21: 3 2
Case #22: 3 2
Case #23: 3 2
Case #24: 3 2
Case #25: 3 2
Case #26: 0 0
Case #27: 0 0
Case #28: 0 0
Case #29: 0 0
Case #30: 1 0
Case #31: 1 0
Case #32: 1 0
Case #33: 2 1
Case #34: 2 2
Case #35: 5 4
Case #36: 25 24
Case #37: 12 12
Case #38: 12 11
Case #39: 6 5
Case #40: 6 5
Case #41: 6 5
Case #42: 5 5
Case #43: 3 2
Case #44: 3 2
Case #45: 3 2
Case #46: 1 1
Case #47: 1 1
Case #48: 1 1
Case #49: 1 1
Case #50: 1 1
Case #51: 1 1
Case #52: 1 0
Case #53: 1 0
Case #54: 1 1
Case #55: 3 2
Case #56: 500 499
Case #57: 121 121
Case #58: 0 0
Case #59: 0 0
Case #60: 28 28
Case #61: 121 121
Case #62: 48 48
Case #63: 121 121
Case #64: 61 60
Case #65: 60 60
Case #66: 499999 499999
Case #67: 105 104
Case #68: 30 29
Case #69: 7812 7811
Case #70: 32 32
Case #71: 30 29
Case #72: 38 38
Case #73: 30 29
Case #74: 121 121
Case #75: 243 243
Case #76: 26 25
Case #77: 121 121
Case #78: 34 33
Case #79: 32 31
Case #80: 26 25
Case #81: 16 15
Case #82: 62 62
Case #83: 32 31
Case #84: 15624 15624
Case #85: 61 60
Case #86: 500000 499999
Case #87: 121 121
Case #88: 2 2
Case #89: 121 121
Case #90: 121 121
Case #91: 121 121
Case #92: 1 0
Case #93: 250000 249999
Case #94: 125000 124999
Case #95: 32 32
Case #96: 70 69
Case #97: 121 121
Case #98: 16 15
Case #99: 35 34
Case #100: 121 121
Case #1: 50 49
Case #2: 25 24
Case #3: 24 24
Case #4: 12 12
Case #5: 12 11
Case #6: 12 11
Case #7: 12 11
Case #8: 6 5
Case #9: 6 5
Case #10: 6 5
Case #11: 6 5
Case #12: 6 5
Case #13: 6 5
Case #14: 6 5
Case #15: 6 5
Case #16: 5 5
Case #17: 5 5
Case #18: 5 5
Case #19: 5 5
Case #20: 3 2
Case #21: 3 2
Case #22: 3 2
Case #23: 3 2
Case #24: 3 2
Case #25: 3 2
Case #26: 0 0
Case #27: 0 0
Case #28: 0 0
Case #29: 0 0
Case #30: 1 0
Case #31: 1 0
Case #32: 1 0
Case #33: 2 1
Case #34: 2 2
Case #35: 5 4
Case #36: 25 24
Case #37: 12 12
Case #38: 12 11
Case #39: 6 5
Case #40: 6 5
Case #41: 6 5
Case #42: 5 5
Case #43: 3 2
Case #44: 3 2
Case #45: 3 2
Case #46: 1 1
Case #47: 1 1
Case #48: 1 1
Case #49: 1 1
Case #50: 1 1
Case #51: 1 1
Case #52: 1 0
Case #53: 1 0
Case #54: 1 1
Case #55: 3 3
Case #56: 500 499
Case #57: 60 60
Case #58: 0 0
Case #59: 0 0
Case #60: 29 28
Case #61: 60 60
Case #62: 48 48
Case #63: 60 60
Case #64: 121 121
Case #65: 60 60
Case #66: 499999 499999
Case #67: 52 52
Case #68: 30 29
Case #69: 7812 7811
Case #70: 32 32
Case #71: 60 60
Case #72: 38 38
Case #73: 60 59
Case #74: 60 60
Case #75: 121 121
Case #76: 52 52
Case #77: 60 60
Case #78: 34 34
Case #79: 32 32
Case #80: 52 51
Case #81: 32 31
Case #82: 31 30
Case #83: 32 31
Case #84: 15624 15624
Case #85: 121 121
Case #86: 500000 499999
Case #87: 60 60
Case #88: 2 2
Case #89: 60 60
Case #90: 61 60
Case #91: 60 60
Case #92: 1 0
Case #93: 250000 249999
Case #94: 125000 124999
Case #95: 32 32
Case #96: 35 34
Case #97: 60 60
Case #98: 32 31
Case #99: 35 34
Case #100: 60 60
Case #1: 50 49
Case #2: 25 24
Case #3: 24 24
Case #4: 12 12
Case #5: 12 11
Case #6: 12 11
Case #7: 12 11
Case #8: 6 5
Case #9: 6 5
Case #10: 6 5
Case #11: 6 5
Case #12: 6 5
Case #13: 5 5
Case #14: 5 5
Case #15: 5 5
Case #16: 3 2
Case #17: 3 2
Case #18: 3 2
Case #19: 3 2
Case #20: 3 2
Case #21: 2 2
Case #22: 2 2
Case #23: 2 2
Case #24: 2 2
Case #25: 2 2
Case #26: 0 0
Case #27: 0 0
Case #28: 0 0
Case #29: 0 0
Case #30: 1 0
Case #31: 1 0
Case #32: 1 0
Case #33: 2 1
Case #34: 2 2
Case #35: 5 4
Case #36: 25 24
Case #37: 12 12
Case #38: 12 11
Case #39: 6 5
Case #40: 6 5
Case #41: 6 5
Case #42: 5 5
Case #43: 3 2
Case #44: 3 2
Case #45: 3 2
Case #46: 1 0
Case #47: 1 0
Case #48: 1 0
Case #49: 1 0
Case #50: 1 0
Case #51: 1 0
Case #52: 1 0
Case #53: 1 0
Case #54: 1 1
Case #55: 0 0
Case #56: 500 499
Case #57: 1 0
Case #58: 0 0
Case #59: 0 0
Case #60: 0 0
Case #61: 1 0
Case #62: 0 0
Case #63: 1 1
Case #64: 1 1
Case #65: 1 0
Case #66: 499999 499999
Case #67: 0 0
Case #68: 0 0
Case #69: 3905 3905
Case #70: 0 0
Case #71: 0 0
Case #72: 0 0
Case #73: 0 0
Case #74: 1 0
Case #75: 3 2
Case #76: 0 0
Case #77: 1 1
Case #78: 0 0
Case #79: 0 0
Case #80: 0 0
Case #81: 0 0
Case #82: 0 0
Case #83: 0 0
Case #84: 7812 7811
Case #85: 3 2
Case #86: 500000 499999
Case #87: 1 0
Case #88: 2 2
Case #89: 0 0
Case #90: 3 2
Case #91: 1 0
Case #92: 1 0
Case #93: 250000 249999
Case #94: 125000 124999
Case #95: 0 0
Case #96: 0 0
Case #97: 1 0
Case #98: 0 0
Case #99: 0 0
Case #100: 1 0
Case #1: 50 50
Case #2: 25 24
Case #3: 25 24
Case #4: 12 12
Case #5: 12 11
Case #6: 12 12
Case #7: 12 11
Case #8: 6 5
Case #9: 6 5
Case #10: 6 5
Case #11: 6 5
Case #12: 6 5
Case #13: 6 5
Case #14: 5 5
Case #15: 5 5
Case #16: 3 2
Case #17: 3 2
Case #18: 3 2
Case #19: 3 2
Case #20: 3 2
Case #21: 3 2
Case #22: 2 2
Case #23: 2 2
Case #24: 2 2
Case #25: 2 2
Case #26: 0 0
Case #27: 0 0
Case #28: 0 0
Case #29: 0 0
Case #30: 1 0
Case #31: 1 0
Case #32: 1 0
Case #33: 2 1
Case #34: 2 2
Case #35: 5 4
Case #36: 25 24
Case #37: 12 12
Case #38: 12 11
Case #39: 6 5
Case #40: 6 5
Case #41: 6 5
Case #42: 5 5
Case #43: 3 2
Case #44: 3 2
Case #45: 3 2
Case #46: 1 0
Case #47: 1 0
Case #48: 1 0
Case #49: 1 0
Case #50: 1 0
Case #51: 1 0
Case #52: 1 0
Case #53: 1 0
Case #54: 1 1
Case #55: 0 0
Case #56: 500 499
Case #57: 1 0
Case #58: 0 0
Case #59: 0 0
Case #60: 0 0
Case #61: 1 0
Case #62: 0 0
Case #63: 1 1
Case #64: 1 1
Case #65: 1 0
Case #66: 499999 499999
Case #67: 0 0
Case #68: 0 0
Case #69: 3905 3905
Case #70: 0 0
Case #71: 0 0
Case #72: 0 0
Case #73: 0 0
Case #74: 1 0
Case #75: 3 2
Case #76: 0 0
Case #77: 1 1
Case #78: 0 0
Case #79: 0 0
Case #80: 0 0
Case #81: 0 0
Case #82: 0 0
Case #83: 0 0
Case #84: 7812 7811
Case #85: 3 2
Case #86: 500000 499999
Case #87: 1 0
Case #88: 2 2
Case #89: 0 0
Case #90: 3 2
Case #91: 1 0
Case #92: 1 0
Case #93: 250000 249999
Case #94: 125000 124999
Case #95: 0 0
Case #96: 0 0
Case #97: 1 0
Case #98: 0 0
Case #99: 0 0
Case #100: 1 0
Case #1: 50 50
Case #2: 25 24
Case #3: 25 24
Case #4: 12 12
Case #5: 12 11
Case #6: 12 12
Case #7: 12 11
Case #8: 6 5
Case #9: 6 5
Case #10: 6 5
Case #11: 6 5
Case #12: 6 5
Case #13: 6 5
Case #14: 5 5
Case #15: 5 5
Case #16: 3 2
Case #17: 3 2
Case #18: 3 2
Case #19: 3 2
Case #20: 3 2
Case #21: 3 2
Case #22: 2 2
Case #23: 2 2
Case #24: 2 2
Case #25: 2 2
Case #26: 0 0
Case #27: 0 0
Case #28: 0 0
Case #29: 0 0
Case #30: 1 0
Case #31: 1 0
Case #32: 1 0
Case #33: 2 1
Case #34: 2 2
Case #35: 5 4
Case #36: 25 24
Case #37: 12 12
Case #38: 12 11
Case #39: 6 5
Case #40: 6 5
Case #41: 6 5
Case #42: 5 5
Case #43: 3 2
Case #44: 3 2
Case #45: 3 2
Case #46: 1 0
Case #47: 1 0
Case #48: 1 0
Case #49: 1 0
Case #50: 1 0
Case #51: 1 0
Case #52: 1 0
Case #53: 1 0
Case #54: 1 1
Case #55: 0 0
Case #56: 500 499
Case #57: 1 0
Case #58: 0 0
Case #59: 0 0
Case #60: 0 0
Case #61: 1 0
Case #62: 0 0
Case #63: 1 1
Case #64: 1 1
Case #65: 1 0
Case #66: 499999 499999
Case #67: 0 0
Case #68: 0 0
Case #69: 3905 3905
Case #70: 0 0
Case #71: 0 0
Case #72: 0 0
Case #73: 0 0
Case #74: 1 0
Case #75: 3 2
Case #76: 0 0
Case #77: 1 1
Case #78: 0 0
Case #79: 0 0
Case #80: 0 0
Case #81: 0 0
Case #82: 0 0
Case #83: 0 0
Case #84: 7812 7811
Case #85: 3 2
Case #86: 500000 499999
Case #87: 1 0
Case #88: 2 2
Case #89: 0 0
Case #90: 3 2
Case #91: 1 0
Case #92: 1 0
Case #93: 250000 249999
Case #94: 125000 124999
Case #95: 0 0
Case #96: 0 0
Case #97: 1 0
Case #98: 0 0
Case #99: 0 0
Case #100: 1 0
Case #1: 50 50
Case #2: 25 24
Case #3: 25 24
Case #4: 12 12
Case #5: 12 12
Case #6: 12 12
Case #7: 12 11
Case #8: 6 5
Case #9: 6 5
Case #10: 6 5
Case #11: 6 5
Case #12: 6 5
Case #13: 6 5
Case #14: 5 5
Case #15: 5 5
Case #16: 3 2
Case #17: 3 2
Case #18: 3 2
Case #19: 3 2
Case #20: 3 2
Case #21: 3 2
Case #22: 2 2
Case #23: 2 2
Case #24: 2 2
Case #25: 2 2
Case #26: 0 0
Case #27: 0 0
Case #28: 0 0
Case #29: 0 0
Case #30: 1 0
Case #31: 1 0
Case #32: 1 0
Case #33: 2 1
Case #34: 2 2
Case #35: 5 4
Case #36: 25 24
Case #37: 12 12
Case #38: 12 11
Case #39: 6 5
Case #40: 6 5
Case #41: 6 5
Case #42: 5 5
Case #43: 3 2
Case #44: 3 2
Case #45: 3 2
Case #46: 1 0
Case #47: 1 0
Case #48: 1 0
Case #49: 1 0
Case #50: 1 0
Case #51: 1 0
Case #52: 1 0
Case #53: 1 0
Case #54: 1 1
Case #55: 0 0
Case #56: 500 499
Case #57: 1 0
Case #58: 0 0
Case #59: 0 0
Case #60: 0 0
Case #61: 1 0
Case #62: 0 0
Case #63: 1 1
Case #64: 1 1
Case #65: 1 0
Case #66: 499999 499999
Case #67: 0 0
Case #68: 0 0
Case #69: 3905 3905
Case #70: 0 0
Case #71: 0 0
Case #72: 0 0
Case #73: 0 0
Case #74: 1 0
Case #75: 3 2
Case #76: 0 0
Case #77: 1 1
Case #78: 0 0
Case #79: 0 0
Case #80: 0 0
Case #81: 0 0
Case #82: 0 0
Case #83: 0 0
Case #84: 7812 7811
Case #85: 3 2
Case #86: 500000 499999
Case #87: 1 0
Case #88: 2 2
Case #89: 0 0
Case #90: 3 2
Case #91: 1 0
Case #92: 1 0
Case #93: 250000 249999
Case #94: 125000 124999
Case #95: 0 0
Case #96: 0 0
Case #97: 1 0
Case #98: 0 0
Case #99: 0 0
Case #100: 1 0
Case #1: 50 50
Case #2: 25 24
Case #3: 25 24
Case #4: 12 12
Case #5: 12 12
Case #6: 12 11
Case #7: 12 11
Case #8: 6 5
Case #9: 6 5
Case #10: 6 5
Case #11: 6 5
Case #12: 6 5
Case #13: 6 5
Case #14: 5 5
Case #15: 5 5
Case #16: 3 2
Case #17: 3 2
Case #18: 3 2
Case #19: 3 2
Case #20: 3 2
Case #21: 3 2
Case #22: 2 2
Case #23: 2 2
Case #24: 2 2
Case #25: 2 2
Case #26: 0 0
Case #27: 0 0
Case #28: 0 0
Case #29: 0 0
Case #30: 1 0
Case #31: 1 0
Case #32: 1 0
Case #33: 2 1
Case #34: 2 2
Case #35: 5 4
Case #36: 25 24
Case #37: 12 12
Case #38: 12 11
Case #39: 6 5
Case #40: 6 5
Case #41: 6 5
Case #42: 5 5
Case #43: 3 2
Case #44: 3 2
Case #45: 3 2
Case #46: 1 0
Case #47: 1 0
Case #48: 1 0
Case #49: 1 0
Case #50: 1 0
Case #51: 1 0
Case #52: 1 0
Case #53: 1 0
Case #54: 1 1
Case #55: 0 0
Case #56: 500 499
Case #57: 1 0
Case #58: 0 0
Case #59: 0 0
Case #60: 0 0
Case #61: 1 0
Case #62: 0 0
Case #63: 1 1
Case #64: 1 1
Case #65: 1 0
Case #66: 499999 499999
Case #67: 0 0
Case #68: 0 0
Case #69: 3905 3905
Case #70: 0 0
Case #71: 0 0
Case #72: 0 0
Case #73: 0 0
Case #74: 1 0
Case #75: 3 2
Case #76: 0 0
Case #77: 1 1
Case #78: 0 0
Case #79: 0 0
Case #80: 0 0
Case #81: 0 0
Case #82: 0 0
Case #83: 0 0
Case #84: 7812 7811
Case #85: 3 2
Case #86: 500000 499999
Case #87: 1 0
Case #88: 2 2
Case #89: 0 0
Case #90: 3 2
Case #91: 1 0
Case #92: 1 0
Case #93: 250000 249999
Case #94: 125000 124999
Case #95: 0 0
Case #96: 0 0
Case #97: 1 0
Case #98: 0 0
Case #99: 0 0
Case #100: 1 0
